Adventure travel	การ เดินทาง ผจญถัย	1.28125
Cantopop	เพลง ป๊อปกวางตุ้ง	0.0333333
Chinese martial arts	ศิลปะ การ ต่อสู้ ของ จีน	1.76842
Chinese social relations	ความ สัมพันธ์ ทาง สังคม จีน	1.78696
Communications in Hong Kong	การ สื่อสาร ใน ฮ่องกง	1.40526
Demographics of Hong Kong	ประชากร ฮ่องกง	1.10714
Hong Kong celebrities	คน ดัง ชาว ฮ่องกง	0.95
Leisure and Cultural Services Department	กรมสันทนาการ เเละ วัฒนธรรม	0.156
List of Chinese martial arts	รายการ ศิลปะ การ ต่อสู้ ของ จีน	1.776
Cat communication	การ สื่อสาร ของ แมว	1.3
Fissure vent	รอย แยก ของ เปลือก โลก เนื่อง จาก ภูเขา ไฟ	-0.275
European literature	วรรณกรรม ยุโรป	2.19286
Medieval literature	วรรณกรรม ยุค กลาง	1.24375
Sanskrit literature	วรรณกรรม สันสกฤต	2.24375
Sumerian literature	วรรณกรรม ซูเมเรียน	2.28333
Cuban literature	วรรณกรรม คิวบา	2.25714
History of modern literature	ประวัติศาสตร์ วรรณกรรม สมัย ใหม่	0.853846
Literature by nationality	วรรณกรรม แบ่ง ตาม สัญชาติ	0.286957
Early Medieval literature	วรรณกรรม ยุค กลาง ตอน ต้น	1.47273
Early Modern literature	วรรณกรรม สมัย ใหม่ ตอน ต้น	1.28636
Renaissance literature	วรรณกรรม สมัย ฟื้นฟู ศิลปวิทยา	0.968182
Bengali novels	นิยาย เบงกาลี	1.27692
Bengali science fiction	นิยาย วิทยาศาสตร์เบงกาลี	0.272727
Bengali literature	วรรณกรรม เบงกาลี	2.2625
Faith and rationality	ความ ศรัทธา และ ความ เป็นเหตุ เป็นผล	0.87
rewards	สิ่ง ตอบแทน	0.1875
Value	คุณค่า	0.25
Asa Gray	เอซาเกรย์	0.225
Theory of justification	ทฤษฎี การ อ้าง เหตุผล	1.00263
Atheists in foxholes	ผู้ ถือ อเทวนิยม ใน หลุม หลบ ภัย	0.923684
William Alston	วิลเลียมอัลสตัน	0.257143
Philosophy of science	ปรัชญา วิทยาศาสตร์	0.266667
Gettier problem	ปัญหา เกตติเออร์	1.28
Determinism	นิยัตินิยม	0.272727
Afterlife	ชีวิต หลัง ความ ตาย	0.09
Atheism	อเทวนิยม	0.2625
Hellenistic philosophy	ปรัชญา กรีก โบราณ	0.1875
Bangla Academy	สถาบัน ภาษา เบงกาลี	0.214286
Bengali language	ภาษา เบงกาลี	2.2
Bengali literary	วรรณกรรม เบงกาลี	2.3
geocoded	รหัส ทาง ภูมิศาสตร์	0.75
Capitalism	ระบบ ทุนนิยม	0.272727
Corporatism	บรรษัทนิยม	0.272727
Georgism	ภูมินิยม	0.3
Laissez-faire	เสรีนิยม	0.133333
Maoism	ลัทธิ เมาเซตุง	2
Mercantilism	ลัทธิ พาณิชยนิยม	2.23077
Oligopoly	การ ผูกขาด โดย ผู้ ขาย น้อย ราย	2.445
Plutocracy	เศรษฐยาธิปไตย	1.71818
Primitivism	บรรพกาล นิยม	2.3
Protectionism	ลัทธิ คุ้มครอง	2.3
Syndicalism	สหการ นิยม	2.24
Leninism	ลัทธิ เลนิน	1.73333
Schools in Florida	โรง เรียน ใน ฟลอริด้า	1.76471
Food and Brand Lab	ห้อง ปฏิบัติการ ทาง อาหาร และ ตรา สินค้า	0.54375
Consumer socialization	กระบวนการ ทาง สังคม ของ ผู้ บริโภค	1.19091
Ancient Greek technology	เทคโนโลยีกรีก โบราณ	0.236842
Glassblowing	การเป่าแก้ว	0.275
Glass forming	การ ขึ้น รูป แก้ว	1.25385
Glass art	งาน ศิลปะ จาก แก้ว	0.0666667
History of glass	ประวัติ ของ แก้ว	1.8
2D computer graphics	คอมพิวเตอร์ กราฟิกส์ สอง มิติ	1.67368
Dennis Shasha	เดนนิสชาช่า	0.275
Reference work	งาน อ้างอิง	1.21818
American humor	วงการ ตลก ของ อเมริกา	0.192857
Biopure	ไบโอเพียว	0.225
Aesthetics	สุนทรียศาสตร์	0.218182
esthetician	นักสุนทรียศาสตร์	1.675
Ascetic	นัก บวช	0.257143
grotesque	วิตถาร	1.67143
harmony	ความ กลมกลืน	0.15
Metaphysics	อภิปรัชญา	0.24
Gia Long	ยาลอง	0.2
Central Massachusetts Regional Library System	ระบบ ห้อง สมุด ส่วน ภูมิภาค รัฐแมสซาชูเซตส์ กลาง	0.292857
Hieroglyph	อักษร อียิปต์ โบราณ	0.109091
Production theory basics	ทฤษฎี การ ผลิต เบื้อง ต้น	1.28636
Productivity model	แบบ จำลอง ประสิทธิภาพ การ ผลิต	2.55
Productivity	ประสิทธิภาพ การ ผลิต	2.41154
wetland	พื้นที่ ชุ่มน้ำ	0.0375
Great Comet	ดาว หางใหญ่	0.3
Arthur Pitney	อาเธอร์พิตนีย์	0.253846
American Society of Mechanical Engineers	สมาคมวิศวกรรม เครื่อง กล แห่ง อเมริกา	0.273529
Mailstream	กระแส ไปรษณีย์	2.21818
World 's Columbian Exposition	มหกรรม โลก โคลัมเบีย ~~~ สถาบันแฟรงคลิน	-0.0444444
Franklin Institute	ประกาศ เกียรติคุณ	0.282353
Certificate of Merit ~~~ stroke	การ อุดตัน ของ เส้น เลือด ที่ ไป เลี้ยง สมอง	0.232895
acoustic board	แผ่น ซับ เสียง	0.276923
uses	การ ใช้ งาน	1.5
acoustics	สวนศาสตร์	1.8
architectural acoustics	การ ออก แบบ เสียง ใน งาน สถาปัตยกรรม	1.19565
room acoustics	การ ออก แบบ เสียง ใน ห้อง	1.15
absorption	การ ดูดกลืน	0.3
American abstract artists	ศิลปิน นามธรรมอเมริกัน	1.27273
abstract art	ศิลปะ นามธรรม	1.275
Avant-garde	กลุ่มล้ำยุค	0.3
Great Depression	ภาวะ เศรษฐกิจ ตกต่ำ ครั้ง ใหญ่	0.09375
abstract painting	จิตรกรรม นามธรรม	2.28125
Un-American	ไม่ เป็น อเมริกัน ชน	0.15
lithographs	ภาพ พิมพ์หิน	1.8
non-objective art	ศิลปะ ไร้ วัตถุ	0.235714
broadside	ป้าย ประกาศ โจมตี	0.12
regionalism	ภูมิภาคนิยม	0.3
American scene painting	จิตรกรรม ชีวิต อเมริกัน	1.8
expressionism	ลัทธิ สำแดง พลัง อารมณ์	0.15
New York School	โรงเรียนนิวยอร์ก	0.235714
abstract expressionism	ลัทธิ สำแดง พลัง อารมณ์ แนว นามธรรม	0.677273
Organizations established in 1936	องค์กร ที่ จัดตั้ง ใน ปี 2479	1.428
American artist groups and collectives	กลุ่ม และ การ รวม ตัว ของ ศิลปิน ชาว อเมริกัน	2.41714
Arts organizations based in the United States	องค์กร ด้าน ศิลปะ ใน สหรัฐอเมริกา	0.7
American art movements	ขบวนการ ทาง ศิลปะ ของ อเมริกา	0.228571
Bangalore City Police	ตำรวจ นครบาลบังกาลอร์	1.285
assistant commissioner	ผู้ ช่วย ผู้ บัญชา การ	0.252632
distribution of wealth	การ กระจาย ความ มั่งคั่ง	1.03571
labor movements	ขบวนการ เคลื่อนไหว ทาง แรงงาน	0.81
developed world	โลก ที่ พัฒนา แล้ว	2.28
social liberalism	ลัทธิ สังคม เสรีนิยม	2.26471
charitable organization	องค์กร การกุศล	0.107143
Gini coefficient	สัมประสิทธิ์จีนี	0.28125
wealth condensation	การ กระจุก ตัว ของ ความ มั่งคั่ง	0.157895
redistribution	การ ปรับ การ กระจาย	0.26
kinetic exchange models of markets	แบบ จำลอง การ แลกเปลี่ยนจลน์ ของ ตลาด	1.78065
Wallonia	วัลโลเนีย	1.76667
Walloon language	ภาษา วัลลูน	2.16364
blason populaire	บลาซงปอปูแลร์	0.257143
Nanoelectromechanical systems	ระบบ จักรกล อิเล็กทรอนิกส์ ระดับ นาโน	1.24828
National Energy Modeling System	ระบบ การ สร้าง แบบ จำลอง พลังงานแห่งชาติ	0.227586
		0.3
